{"/Users/huyangyang/Documents/BigProjects/webpack-projecet/builder-webpack/lib/webpack.base.js":{"path":"/Users/huyangyang/Documents/BigProjects/webpack-projecet/builder-webpack/lib/webpack.base.js","s":{"1":1,"2":1,"3":1,"4":1,"5":1,"6":1,"7":1,"8":1,"9":1,"10":1,"11":1,"12":1,"13":1,"14":2,"15":2,"16":2,"17":2,"18":2,"19":1,"20":1,"21":1,"22":0,"23":0,"24":0,"25":0,"26":0},"b":{"1":[0,0],"2":[0,0,0]},"f":{"1":0},"fnMap":{"1":{"name":"(anonymous_1)","line":106,"loc":{"start":{"line":106,"column":4},"end":{"line":106,"column":16}}}},"statementMap":{"1":{"start":{"line":8,"column":0},"end":{"line":8,"column":63}},"2":{"start":{"line":9,"column":0},"end":{"line":9,"column":57}},"3":{"start":{"line":10,"column":0},"end":{"line":10,"column":64}},"4":{"start":{"line":11,"column":0},"end":{"line":11,"column":45}},"5":{"start":{"line":13,"column":0},"end":{"line":13,"column":65}},"6":{"start":{"line":14,"column":0},"end":{"line":14,"column":29}},"7":{"start":{"line":15,"column":0},"end":{"line":15,"column":29}},"8":{"start":{"line":17,"column":0},"end":{"line":17,"column":34}},"9":{"start":{"line":19,"column":0},"end":{"line":48,"column":2}},"10":{"start":{"line":20,"column":2},"end":{"line":20,"column":78}},"11":{"start":{"line":21,"column":2},"end":{"line":21,"column":19}},"12":{"start":{"line":22,"column":2},"end":{"line":22,"column":32}},"13":{"start":{"line":23,"column":2},"end":{"line":42,"column":5}},"14":{"start":{"line":24,"column":4},"end":{"line":24,"column":55}},"15":{"start":{"line":25,"column":4},"end":{"line":25,"column":34}},"16":{"start":{"line":26,"column":4},"end":{"line":26,"column":34}},"17":{"start":{"line":27,"column":4},"end":{"line":27,"column":40}},"18":{"start":{"line":28,"column":4},"end":{"line":41,"column":8}},"19":{"start":{"line":44,"column":2},"end":{"line":47,"column":4}},"20":{"start":{"line":49,"column":0},"end":{"line":49,"column":47}},"21":{"start":{"line":50,"column":0},"end":{"line":116,"column":2}},"22":{"start":{"line":70,"column":29},"end":{"line":74,"column":15}},"23":{"start":{"line":108,"column":6},"end":{"line":113,"column":9}},"24":{"start":{"line":109,"column":8},"end":{"line":112,"column":9}},"25":{"start":{"line":110,"column":10},"end":{"line":110,"column":37}},"26":{"start":{"line":111,"column":10},"end":{"line":111,"column":26}}},"branchMap":{"1":{"line":109,"type":"if","locations":[{"start":{"line":109,"column":8},"end":{"line":109,"column":8}},{"start":{"line":109,"column":8},"end":{"line":109,"column":8}}]},"2":{"line":109,"type":"binary-expr","locations":[{"start":{"line":109,"column":12},"end":{"line":109,"column":36}},{"start":{"line":109,"column":40},"end":{"line":109,"column":71}},{"start":{"line":109,"column":75},"end":{"line":109,"column":113}}]}}}}